Build started 3/12/2015 9:51:40 PM.
     1>Project "C:\CS32\Project4\Project4\Project4.vcxproj" on node 2 (Build target(s)).
     1>ClCompile:
         C:\Program Files (x86)\Microsoft Visual Studio 12.0\VC\bin\CL.exe /c /ZI /nologo /W3 /WX- /sdl /Od /Oy- /D _MBCS /Gm /EHsc /RTC1 /MDd /GS /fp:precise /Zc:wchar_t /Zc:forScope /Fo"Debug\\" /Fd"Debug\vc120.pdb" /Gd /TP /analyze- /errorReport:prompt ..\..\skeleton\Compressor.cpp
         Compressor.cpp
     1>c:\cs32\skeleton\substitutehashtable.h(37): warning C4804: '-' : unsafe use of type 'bool' in operation
                 c:\cs32\skeleton\compressor.cpp(24) : see reference to class template instantiation 'HashTable<std::string,unsigned short>' being compiled
     1>c:\cs32\skeleton\compressor.cpp(103): warning C4018: '<' : signed/unsigned mismatch
     1>c:\cs32\skeleton\compressor.cpp(157): warning C4018: '<' : signed/unsigned mismatch
     1>c:\cs32\skeleton\substitutehashtable.h(27): warning C4305: 'return' : truncation from 'int' to 'bool'
                 c:\cs32\skeleton\substitutehashtable.h(23) : while compiling class template member function 'bool HashTable<std::string,unsigned short>::set(const std::basic_string<char,std::char_traits<char>,std::allocator<char>> &,const unsigned short &,bool)'
                 c:\cs32\skeleton\compressor.cpp(32) : see reference to function template instantiation 'bool HashTable<std::string,unsigned short>::set(const std::basic_string<char,std::char_traits<char>,std::allocator<char>> &,const unsigned short &,bool)' being compiled
                 c:\cs32\skeleton\compressor.cpp(24) : see reference to class template instantiation 'HashTable<std::string,unsigned short>' being compiled
     1>c:\cs32\skeleton\substitutehashtable.h(29): warning C4305: 'return' : truncation from 'int' to 'bool'
                 c:\cs32\skeleton\substitutehashtable.h(27) : while compiling class template member function 'bool HashTable<std::string,unsigned short>::get(const std::basic_string<char,std::char_traits<char>,std::allocator<char>> &,unsigned short &) const'
                 c:\cs32\skeleton\compressor.cpp(44) : see reference to function template instantiation 'bool HashTable<std::string,unsigned short>::get(const std::basic_string<char,std::char_traits<char>,std::allocator<char>> &,unsigned short &) const' being compiled
     1>c:\cs32\skeleton\substitutehashtable.h(35): warning C4305: 'return' : truncation from 'int' to 'bool'
                 c:\cs32\skeleton\substitutehashtable.h(31) : while compiling class template member function 'bool HashTable<std::string,unsigned short>::discard(std::basic_string<char,std::char_traits<char>,std::allocator<char>> &,unsigned short &)'
                 c:\cs32\skeleton\compressor.cpp(67) : see reference to function template instantiation 'bool HashTable<std::string,unsigned short>::discard(std::basic_string<char,std::char_traits<char>,std::allocator<char>> &,unsigned short &)' being compiled
       Link:
         C:\Program Files (x86)\Microsoft Visual Studio 12.0\VC\bin\link.exe /ERRORREPORT:PROMPT /OUT:"C:\CS32\Project4\Debug\Project4.exe" /INCREMENTAL /NOLOGO wininet.lib kernel32.lib user32.lib gdi32.lib winspool.lib comdlg32.lib advapi32.lib shell32.lib ole32.lib oleaut32.lib uuid.lib odbc32.lib odbccp32.lib kernel32.lib user32.lib gdi32.lib winspool.lib comdlg32.lib advapi32.lib shell32.lib ole32.lib oleaut32.lib uuid.lib odbc32.lib odbccp32.lib /MANIFEST /MANIFESTUAC:"level='asInvoker' uiAccess='false'" /manifest:embed /DEBUG /PDB:"C:\CS32\Project4\Debug\Project4.pdb" /SUBSYSTEM:CONSOLE /TLBID:1 /DYNAMICBASE /NXCOMPAT /IMPLIB:"C:\CS32\Project4\Debug\Project4.lib" /MACHINE:X86 Debug\BinaryConverter.obj
         Debug\Compressor.obj
         Debug\main.obj
         Debug\Steg.obj
         Debug\WebSteg.obj
         Project4.vcxproj -> C:\CS32\Project4\Debug\Project4.exe
     1>Done Building Project "C:\CS32\Project4\Project4\Project4.vcxproj" (Build target(s)).

Build succeeded.

Time Elapsed 00:00:01.27
